<?xml version="1.0" encoding="UTF-8"?>
<!-- Generated by org.testng.reporters.JUnitReportReporter -->
<testsuite skipped="0" hostname="KHARUSI" name="Main.NewTest" tests="8" failures="0" timestamp="15 Jun 2017 19:31:14 GMT" time="116.660" errors="0">
  <testcase name="datadrivenAdminlogin" time="12.428" classname="Main.NewTest"/>
  <testcase name="PrimusBankNavigations" time="21.885" classname="Main.NewTest"/>
  <testcase name="AdminNavigations" time="24.983" classname="Main.NewTest"/>
  <testcase name="AdminloginwithValidData" time="3.269" classname="Main.NewTest"/>
  <testcase name="NewBranch" time="5.680" classname="Main.NewTest"/>
  <testcase name="AdminDirectUrlAccess" time="26.721" classname="Main.NewTest"/>
  <testcase name="InvalidNewBranch" time="13.882" classname="Main.NewTest"/>
  <testcase name="Adminlogin_InvalidData" time="7.812" classname="Main.NewTest"/>
</testsuite> <!-- Main.NewTest -->
